<?xml version="1.0" encoding="UTF-8"?>
<testsuites name="Mocha Tests" time="2.9600" tests="1" failures="0">
  <testsuite name="Root Suite" timestamp="2021-11-16T10:44:16" tests="0" file="cypress\integration\secondSpec.js" time="0.0000" failures="0">
  </testsuite>
  <testsuite name="Test log out" timestamp="2021-11-16T10:44:16" tests="1" time="2.9380" failures="0">
    <testcase name="Test log out verify user can log out successfully" time="2.8620" classname="verify user can log out successfully">
    </testcase>
  </testsuite>
</testsuites>